{"D:\\mcci\\Tp Samfat\\Moustass-video-christina\\auth\\app.js": {"path":"D:\\mcci\\Tp Samfat\\Moustass-video-christina\\auth\\app.js","statementMap":{"0":{"start":{"line":1,"column":16},"end":{"line":1,"column":34}},"1":{"start":{"line":2,"column":30},"end":{"line":2,"column":58}},"2":{"start":{"line":3,"column":29},"end":{"line":3,"column":56}},"3":{"start":{"line":4,"column":30},"end":{"line":4,"column":58}},"4":{"start":{"line":5,"column":19},"end":{"line":5,"column":48}},"5":{"start":{"line":7,"column":12},"end":{"line":7,"column":21}},"6":{"start":{"line":10,"column":0},"end":{"line":10,"column":23}},"7":{"start":{"line":11,"column":0},"end":{"line":11,"column":22}},"8":{"start":{"line":12,"column":0},"end":{"line":12,"column":23}},"9":{"start":{"line":15,"column":0},"end":{"line":15,"column":25}},"10":{"start":{"line":17,"column":0},"end":{"line":17,"column":21}}},"fnMap":{},"branchMap":{},"s":{"0":1,"1":1,"2":1,"3":1,"4":1,"5":1,"6":1,"7":1,"8":1,"9":1,"10":1},"f":{},"b":{},"_coverageSchema":"1a1c01bbd47fc00a2c39e90264f33305004495a9","hash":"d637e43c91d66bd93fec64e22f19ea6073ead46f"}
,"D:\\mcci\\Tp Samfat\\Moustass-video-christina\\auth\\auth-db.js": {"path":"D:\\mcci\\Tp Samfat\\Moustass-video-christina\\auth\\auth-db.js","statementMap":{"0":{"start":{"line":1,"column":14},"end":{"line":1,"column":39}},"1":{"start":{"line":2,"column":15},"end":{"line":2,"column":40}},"2":{"start":{"line":4,"column":13},"end":{"line":11,"column":2}},"3":{"start":{"line":14,"column":2},"end":{"line":24,"column":5}},"4":{"start":{"line":28,"column":71},"end":{"line":28,"column":75}},"5":{"start":{"line":29,"column":2},"end":{"line":32,"column":4}},"6":{"start":{"line":36,"column":0},"end":{"line":36,"column":44}}},"fnMap":{"0":{"name":"initDb","decl":{"start":{"line":13,"column":15},"end":{"line":13,"column":21}},"loc":{"start":{"line":13,"column":24},"end":{"line":25,"column":1}},"line":13},"1":{"name":"logAudit","decl":{"start":{"line":27,"column":15},"end":{"line":27,"column":23}},"loc":{"start":{"line":27,"column":30},"end":{"line":33,"column":1}},"line":27}},"branchMap":{"0":{"loc":{"start":{"line":28,"column":37},"end":{"line":28,"column":66}},"type":"default-arg","locations":[{"start":{"line":28,"column":49},"end":{"line":28,"column":66}}],"line":28}},"s":{"0":2,"1":2,"2":2,"3":0,"4":0,"5":0,"6":2},"f":{"0":0,"1":0},"b":{"0":[0]},"_coverageSchema":"1a1c01bbd47fc00a2c39e90264f33305004495a9","hash":"55c50946cd700c92e2baeab82572a1492105bba3"}
,"D:\\mcci\\Tp Samfat\\Moustass-video-christina\\auth\\config\\index.js": {"path":"D:\\mcci\\Tp Samfat\\Moustass-video-christina\\auth\\config\\index.js","statementMap":{"0":{"start":{"line":1,"column":0},"end":{"line":20,"column":2}}},"fnMap":{},"branchMap":{"0":{"loc":{"start":{"line":2,"column":13},"end":{"line":2,"column":55}},"type":"binary-expr","locations":[{"start":{"line":2,"column":13},"end":{"line":2,"column":34}},{"start":{"line":2,"column":38},"end":{"line":2,"column":55}}],"line":2},"1":{"loc":{"start":{"line":3,"column":17},"end":{"line":3,"column":66}},"type":"binary-expr","locations":[{"start":{"line":3,"column":17},"end":{"line":3,"column":42}},{"start":{"line":3,"column":46},"end":{"line":3,"column":66}}],"line":3},"2":{"loc":{"start":{"line":4,"column":16},"end":{"line":4,"column":76}},"type":"binary-expr","locations":[{"start":{"line":4,"column":16},"end":{"line":4,"column":40}},{"start":{"line":4,"column":44},"end":{"line":4,"column":76}}],"line":4},"3":{"loc":{"start":{"line":7,"column":19},"end":{"line":7,"column":89}},"type":"binary-expr","locations":[{"start":{"line":7,"column":19},"end":{"line":7,"column":46}},{"start":{"line":7,"column":50},"end":{"line":7,"column":89}}],"line":7},"4":{"loc":{"start":{"line":8,"column":21},"end":{"line":8,"column":122}},"type":"binary-expr","locations":[{"start":{"line":8,"column":21},"end":{"line":8,"column":50}},{"start":{"line":8,"column":54},"end":{"line":8,"column":122}}],"line":8},"5":{"loc":{"start":{"line":9,"column":22},"end":{"line":9,"column":124}},"type":"binary-expr","locations":[{"start":{"line":9,"column":22},"end":{"line":9,"column":52}},{"start":{"line":9,"column":56},"end":{"line":9,"column":124}}],"line":9},"6":{"loc":{"start":{"line":10,"column":25},"end":{"line":10,"column":133}},"type":"binary-expr","locations":[{"start":{"line":10,"column":25},"end":{"line":10,"column":58}},{"start":{"line":10,"column":62},"end":{"line":10,"column":133}}],"line":10},"7":{"loc":{"start":{"line":13,"column":18},"end":{"line":13,"column":77}},"type":"binary-expr","locations":[{"start":{"line":13,"column":18},"end":{"line":13,"column":44}},{"start":{"line":13,"column":48},"end":{"line":13,"column":77}}],"line":13},"8":{"loc":{"start":{"line":16,"column":11},"end":{"line":16,"column":41}},"type":"binary-expr","locations":[{"start":{"line":16,"column":11},"end":{"line":16,"column":30}},{"start":{"line":16,"column":34},"end":{"line":16,"column":41}}],"line":16},"9":{"loc":{"start":{"line":17,"column":11},"end":{"line":17,"column":40}},"type":"binary-expr","locations":[{"start":{"line":17,"column":11},"end":{"line":17,"column":30}},{"start":{"line":17,"column":34},"end":{"line":17,"column":40}}],"line":17},"10":{"loc":{"start":{"line":18,"column":15},"end":{"line":18,"column":48}},"type":"binary-expr","locations":[{"start":{"line":18,"column":15},"end":{"line":18,"column":38}},{"start":{"line":18,"column":42},"end":{"line":18,"column":48}}],"line":18},"11":{"loc":{"start":{"line":19,"column":11},"end":{"line":19,"column":47}},"type":"binary-expr","locations":[{"start":{"line":19,"column":11},"end":{"line":19,"column":30}},{"start":{"line":19,"column":34},"end":{"line":19,"column":47}}],"line":19}},"s":{"0":3},"f":{},"b":{"0":[3,3],"1":[3,3],"2":[3,3],"3":[3,3],"4":[3,3],"5":[3,3],"6":[3,3],"7":[3,3],"8":[3,3],"9":[3,3],"10":[3,0],"11":[3,3]},"_coverageSchema":"1a1c01bbd47fc00a2c39e90264f33305004495a9","hash":"f4510515241fcf0e1014c0bf3b97b323d04d7354"}
,"D:\\mcci\\Tp Samfat\\Moustass-video-christina\\auth\\config\\passport.js": {"path":"D:\\mcci\\Tp Samfat\\Moustass-video-christina\\auth\\config\\passport.js","statementMap":{"0":{"start":{"line":1,"column":17},"end":{"line":1,"column":36}},"1":{"start":{"line":2,"column":44},"end":{"line":2,"column":77}},"2":{"start":{"line":3,"column":15},"end":{"line":3,"column":33}},"3":{"start":{"line":9,"column":2},"end":{"line":23,"column":4}},"4":{"start":{"line":21,"column":31},"end":{"line":21,"column":48}},"5":{"start":{"line":25,"column":2},"end":{"line":25,"column":59}},"6":{"start":{"line":25,"column":41},"end":{"line":25,"column":57}},"7":{"start":{"line":26,"column":2},"end":{"line":26,"column":61}},"8":{"start":{"line":26,"column":43},"end":{"line":26,"column":59}},"9":{"start":{"line":28,"column":2},"end":{"line":28,"column":33}},"10":{"start":{"line":29,"column":2},"end":{"line":29,"column":30}},"11":{"start":{"line":32,"column":0},"end":{"line":32,"column":39}}},"fnMap":{"0":{"name":"configurePassport","decl":{"start":{"line":8,"column":9},"end":{"line":8,"column":26}},"loc":{"start":{"line":8,"column":32},"end":{"line":30,"column":1}},"line":8},"1":{"name":"(anonymous_1)","decl":{"start":{"line":21,"column":6},"end":{"line":21,"column":7}},"loc":{"start":{"line":21,"column":31},"end":{"line":21,"column":48}},"line":21},"2":{"name":"(anonymous_2)","decl":{"start":{"line":25,"column":25},"end":{"line":25,"column":26}},"loc":{"start":{"line":25,"column":41},"end":{"line":25,"column":57}},"line":25},"3":{"name":"(anonymous_3)","decl":{"start":{"line":26,"column":27},"end":{"line":26,"column":28}},"loc":{"start":{"line":26,"column":43},"end":{"line":26,"column":59}},"line":26}},"branchMap":{},"s":{"0":1,"1":1,"2":1,"3":1,"4":0,"5":1,"6":0,"7":1,"8":0,"9":1,"10":1,"11":1},"f":{"0":1,"1":0,"2":0,"3":0},"b":{},"_coverageSchema":"1a1c01bbd47fc00a2c39e90264f33305004495a9","hash":"bbb3f1a84ebd7cb9526e3ee47f0adcbeb0d85906"}
,"D:\\mcci\\Tp Samfat\\Moustass-video-christina\\auth\\config\\security.js": {"path":"D:\\mcci\\Tp Samfat\\Moustass-video-christina\\auth\\config\\security.js","statementMap":{"0":{"start":{"line":1,"column":13},"end":{"line":1,"column":28}},"1":{"start":{"line":2,"column":18},"end":{"line":2,"column":47}},"2":{"start":{"line":5,"column":17},"end":{"line":5,"column":58}},"3":{"start":{"line":6,"column":22},"end":{"line":6,"column":48}},"4":{"start":{"line":9,"column":2},"end":{"line":12,"column":6}},"5":{"start":{"line":15,"column":18},"end":{"line":19,"column":4}},"6":{"start":{"line":21,"column":2},"end":{"line":21,"column":19}},"7":{"start":{"line":24,"column":0},"end":{"line":24,"column":39}}},"fnMap":{"0":{"name":"configureSecurity","decl":{"start":{"line":4,"column":9},"end":{"line":4,"column":26}},"loc":{"start":{"line":4,"column":46},"end":{"line":22,"column":1}},"line":4}},"branchMap":{"0":{"loc":{"start":{"line":4,"column":32},"end":{"line":4,"column":44}},"type":"default-arg","locations":[{"start":{"line":4,"column":42},"end":{"line":4,"column":44}}],"line":4},"1":{"loc":{"start":{"line":5,"column":17},"end":{"line":5,"column":58}},"type":"binary-expr","locations":[{"start":{"line":5,"column":17},"end":{"line":5,"column":31}},{"start":{"line":5,"column":35},"end":{"line":5,"column":58}}],"line":5},"2":{"loc":{"start":{"line":6,"column":22},"end":{"line":6,"column":48}},"type":"binary-expr","locations":[{"start":{"line":6,"column":22},"end":{"line":6,"column":41}},{"start":{"line":6,"column":45},"end":{"line":6,"column":48}}],"line":6}},"s":{"0":1,"1":1,"2":1,"3":1,"4":1,"5":1,"6":1,"7":1},"f":{"0":1},"b":{"0":[1],"1":[1,1],"2":[1,1]},"_coverageSchema":"1a1c01bbd47fc00a2c39e90264f33305004495a9","hash":"211549d3edaf662ea2f224daeca3ececad95c270"}
,"D:\\mcci\\Tp Samfat\\Moustass-video-christina\\auth\\config\\session.js": {"path":"D:\\mcci\\Tp Samfat\\Moustass-video-christina\\auth\\config\\session.js","statementMap":{"0":{"start":{"line":1,"column":16},"end":{"line":1,"column":42}},"1":{"start":{"line":4,"column":17},"end":{"line":4,"column":94}},"2":{"start":{"line":5,"column":17},"end":{"line":5,"column":42}},"3":{"start":{"line":7,"column":2},"end":{"line":17,"column":6}},"4":{"start":{"line":20,"column":0},"end":{"line":20,"column":38}}},"fnMap":{"0":{"name":"configureSession","decl":{"start":{"line":3,"column":9},"end":{"line":3,"column":25}},"loc":{"start":{"line":3,"column":45},"end":{"line":18,"column":1}},"line":3}},"branchMap":{"0":{"loc":{"start":{"line":3,"column":31},"end":{"line":3,"column":43}},"type":"default-arg","locations":[{"start":{"line":3,"column":41},"end":{"line":3,"column":43}}],"line":3},"1":{"loc":{"start":{"line":4,"column":17},"end":{"line":4,"column":94}},"type":"binary-expr","locations":[{"start":{"line":4,"column":17},"end":{"line":4,"column":31}},{"start":{"line":4,"column":35},"end":{"line":4,"column":61}},{"start":{"line":4,"column":65},"end":{"line":4,"column":94}}],"line":4},"2":{"loc":{"start":{"line":5,"column":17},"end":{"line":5,"column":42}},"type":"binary-expr","locations":[{"start":{"line":5,"column":17},"end":{"line":5,"column":31}},{"start":{"line":5,"column":35},"end":{"line":5,"column":42}}],"line":5}},"s":{"0":1,"1":1,"2":1,"3":1,"4":1},"f":{"0":1},"b":{"0":[1],"1":[1,1,1],"2":[1,1]},"_coverageSchema":"1a1c01bbd47fc00a2c39e90264f33305004495a9","hash":"1c85d6bb512ab52283d01635b882e4bcd67a8ed5"}
,"D:\\mcci\\Tp Samfat\\Moustass-video-christina\\auth\\route\\auth-route.js": {"path":"D:\\mcci\\Tp Samfat\\Moustass-video-christina\\auth\\route\\auth-route.js","statementMap":{"0":{"start":{"line":1,"column":16},"end":{"line":1,"column":34}},"1":{"start":{"line":2,"column":17},"end":{"line":2,"column":46}},"2":{"start":{"line":3,"column":15},"end":{"line":3,"column":31}},"3":{"start":{"line":4,"column":20},"end":{"line":4,"column":54}},"4":{"start":{"line":5,"column":24},"end":{"line":5,"column":64}},"5":{"start":{"line":7,"column":22},"end":{"line":7,"column":88}},"6":{"start":{"line":8,"column":21},"end":{"line":8,"column":90}},"7":{"start":{"line":10,"column":0},"end":{"line":10,"column":82}},"8":{"start":{"line":12,"column":0},"end":{"line":35,"column":2}},"9":{"start":{"line":15,"column":4},"end":{"line":33,"column":5}},"10":{"start":{"line":16,"column":19},"end":{"line":16,"column":61}},"11":{"start":{"line":18,"column":6},"end":{"line":26,"column":9}},"12":{"start":{"line":28,"column":6},"end":{"line":28,"column":57}},"13":{"start":{"line":29,"column":6},"end":{"line":29,"column":34}},"14":{"start":{"line":31,"column":6},"end":{"line":31,"column":61}},"15":{"start":{"line":32,"column":6},"end":{"line":32,"column":29}},"16":{"start":{"line":37,"column":0},"end":{"line":40,"column":3}},"17":{"start":{"line":38,"column":15},"end":{"line":38,"column":57}},"18":{"start":{"line":39,"column":2},"end":{"line":39,"column":54}},"19":{"start":{"line":42,"column":0},"end":{"line":51,"column":3}},"20":{"start":{"line":43,"column":2},"end":{"line":50,"column":5}},"21":{"start":{"line":44,"column":4},"end":{"line":44,"column":30}},"22":{"start":{"line":44,"column":13},"end":{"line":44,"column":30}},"23":{"start":{"line":45,"column":4},"end":{"line":49,"column":7}},"24":{"start":{"line":46,"column":6},"end":{"line":46,"column":32}},"25":{"start":{"line":46,"column":15},"end":{"line":46,"column":32}},"26":{"start":{"line":47,"column":6},"end":{"line":47,"column":52}},"27":{"start":{"line":48,"column":6},"end":{"line":48,"column":72}},"28":{"start":{"line":53,"column":0},"end":{"line":53,"column":24}}},"fnMap":{"0":{"name":"(anonymous_0)","decl":{"start":{"line":14,"column":2},"end":{"line":14,"column":3}},"loc":{"start":{"line":14,"column":22},"end":{"line":34,"column":3}},"line":14},"1":{"name":"(anonymous_1)","decl":{"start":{"line":37,"column":36},"end":{"line":37,"column":37}},"loc":{"start":{"line":37,"column":50},"end":{"line":40,"column":1}},"line":37},"2":{"name":"(anonymous_2)","decl":{"start":{"line":42,"column":22},"end":{"line":42,"column":23}},"loc":{"start":{"line":42,"column":42},"end":{"line":51,"column":1}},"line":42},"3":{"name":"(anonymous_3)","decl":{"start":{"line":43,"column":13},"end":{"line":43,"column":14}},"loc":{"start":{"line":43,"column":20},"end":{"line":50,"column":3}},"line":43},"4":{"name":"(anonymous_4)","decl":{"start":{"line":45,"column":24},"end":{"line":45,"column":25}},"loc":{"start":{"line":45,"column":31},"end":{"line":49,"column":5}},"line":45}},"branchMap":{"0":{"loc":{"start":{"line":7,"column":22},"end":{"line":7,"column":88}},"type":"binary-expr","locations":[{"start":{"line":7,"column":22},"end":{"line":7,"column":46}},{"start":{"line":7,"column":50},"end":{"line":7,"column":88}}],"line":7},"1":{"loc":{"start":{"line":8,"column":21},"end":{"line":8,"column":90}},"type":"binary-expr","locations":[{"start":{"line":8,"column":21},"end":{"line":8,"column":45}},{"start":{"line":8,"column":49},"end":{"line":8,"column":90}}],"line":8},"2":{"loc":{"start":{"line":44,"column":4},"end":{"line":44,"column":30}},"type":"if","locations":[{"start":{"line":44,"column":4},"end":{"line":44,"column":30}},{"start":{},"end":{}}],"line":44},"3":{"loc":{"start":{"line":46,"column":6},"end":{"line":46,"column":32}},"type":"if","locations":[{"start":{"line":46,"column":6},"end":{"line":46,"column":32}},{"start":{},"end":{}}],"line":46},"4":{"loc":{"start":{"line":48,"column":19},"end":{"line":48,"column":70}},"type":"binary-expr","locations":[{"start":{"line":48,"column":19},"end":{"line":48,"column":43}},{"start":{"line":48,"column":47},"end":{"line":48,"column":70}}],"line":48}},"s":{"0":1,"1":1,"2":1,"3":1,"4":1,"5":1,"6":1,"7":1,"8":1,"9":0,"10":0,"11":0,"12":0,"13":0,"14":0,"15":0,"16":1,"17":1,"18":1,"19":1,"20":0,"21":0,"22":0,"23":0,"24":0,"25":0,"26":0,"27":0,"28":1},"f":{"0":0,"1":1,"2":0,"3":0,"4":0},"b":{"0":[1,1],"1":[1,1],"2":[0,0],"3":[0,0],"4":[0,0]},"_coverageSchema":"1a1c01bbd47fc00a2c39e90264f33305004495a9","hash":"d74535357ae016429d64bc7fdcd003364086cae3"}
,"D:\\mcci\\Tp Samfat\\Moustass-video-christina\\auth\\service\\auth-service.js": {"path":"D:\\mcci\\Tp Samfat\\Moustass-video-christina\\auth\\service\\auth-service.js","statementMap":{"0":{"start":{"line":1,"column":21},"end":{"line":1,"column":42}},"1":{"start":{"line":4,"column":2},"end":{"line":9,"column":4}},"2":{"start":{"line":13,"column":2},"end":{"line":18,"column":3}},"3":{"start":{"line":14,"column":18},"end":{"line":14,"column":39}},"4":{"start":{"line":15,"column":4},"end":{"line":15,"column":86}},"5":{"start":{"line":17,"column":4},"end":{"line":17,"column":70}},"6":{"start":{"line":22,"column":2},"end":{"line":22,"column":42}},"7":{"start":{"line":25,"column":0},"end":{"line":25,"column":79}}},"fnMap":{"0":{"name":"normalizeUserProfile","decl":{"start":{"line":3,"column":9},"end":{"line":3,"column":29}},"loc":{"start":{"line":3,"column":36},"end":{"line":10,"column":1}},"line":3},"1":{"name":"logSuccessfulLogin","decl":{"start":{"line":12,"column":15},"end":{"line":12,"column":33}},"loc":{"start":{"line":12,"column":68},"end":{"line":19,"column":1}},"line":12},"2":{"name":"isAuthenticated","decl":{"start":{"line":21,"column":9},"end":{"line":21,"column":24}},"loc":{"start":{"line":21,"column":30},"end":{"line":23,"column":1}},"line":21}},"branchMap":{"0":{"loc":{"start":{"line":7,"column":11},"end":{"line":7,"column":48}},"type":"binary-expr","locations":[{"start":{"line":7,"column":11},"end":{"line":7,"column":21}},{"start":{"line":7,"column":25},"end":{"line":7,"column":48}}],"line":7},"1":{"loc":{"start":{"line":12,"column":44},"end":{"line":12,"column":66}},"type":"default-arg","locations":[{"start":{"line":12,"column":58},"end":{"line":12,"column":66}}],"line":12},"2":{"loc":{"start":{"line":14,"column":18},"end":{"line":14,"column":39}},"type":"binary-expr","locations":[{"start":{"line":14,"column":18},"end":{"line":14,"column":26}},{"start":{"line":14,"column":30},"end":{"line":14,"column":39}}],"line":14},"3":{"loc":{"start":{"line":22,"column":9},"end":{"line":22,"column":41}},"type":"binary-expr","locations":[{"start":{"line":22,"column":9},"end":{"line":22,"column":32}},{"start":{"line":22,"column":36},"end":{"line":22,"column":41}}],"line":22}},"s":{"0":2,"1":2,"2":3,"3":3,"4":3,"5":1,"6":3,"7":2},"f":{"0":2,"1":3,"2":3},"b":{"0":[2,1],"1":[0],"2":[3,1],"3":[3,2]},"_coverageSchema":"1a1c01bbd47fc00a2c39e90264f33305004495a9","hash":"2a32f2dca507f2d798ef6fbae30c7f1140fa83ba"}
}
