{"D:\\mcci\\Tp Samfat\\Moustass-video-christina\\auth\\src\\app.js": {"path":"D:\\mcci\\Tp Samfat\\Moustass-video-christina\\auth\\src\\app.js","statementMap":{"0":{"start":{"line":1,"column":16},"end":{"line":1,"column":34}},"1":{"start":{"line":2,"column":16},"end":{"line":2,"column":42}},"2":{"start":{"line":3,"column":17},"end":{"line":3,"column":45}},"3":{"start":{"line":4,"column":19},"end":{"line":4,"column":48}},"4":{"start":{"line":6,"column":12},"end":{"line":6,"column":21}},"5":{"start":{"line":7,"column":0},"end":{"line":7,"column":28}},"6":{"start":{"line":10,"column":0},"end":{"line":10,"column":79}},"7":{"start":{"line":13,"column":0},"end":{"line":13,"column":31}},"8":{"start":{"line":14,"column":0},"end":{"line":14,"column":28}},"9":{"start":{"line":17,"column":0},"end":{"line":17,"column":25}},"10":{"start":{"line":19,"column":0},"end":{"line":19,"column":21}}},"fnMap":{},"branchMap":{},"s":{"0":1,"1":1,"2":1,"3":1,"4":1,"5":1,"6":1,"7":1,"8":1,"9":1,"10":1},"f":{},"b":{},"_coverageSchema":"1a1c01bbd47fc00a2c39e90264f33305004495a9","hash":"60b91619cbb507affe0165d277b62bd9668aa974"}
,"D:\\mcci\\Tp Samfat\\Moustass-video-christina\\auth\\src\\auth-db.js": {"path":"D:\\mcci\\Tp Samfat\\Moustass-video-christina\\auth\\src\\auth-db.js","statementMap":{"0":{"start":{"line":1,"column":14},"end":{"line":1,"column":39}},"1":{"start":{"line":2,"column":15},"end":{"line":2,"column":40}},"2":{"start":{"line":4,"column":13},"end":{"line":11,"column":2}},"3":{"start":{"line":14,"column":2},"end":{"line":24,"column":5}},"4":{"start":{"line":28,"column":71},"end":{"line":28,"column":75}},"5":{"start":{"line":29,"column":2},"end":{"line":32,"column":4}},"6":{"start":{"line":36,"column":0},"end":{"line":36,"column":44}}},"fnMap":{"0":{"name":"initDb","decl":{"start":{"line":13,"column":15},"end":{"line":13,"column":21}},"loc":{"start":{"line":13,"column":24},"end":{"line":25,"column":1}},"line":13},"1":{"name":"logAudit","decl":{"start":{"line":27,"column":15},"end":{"line":27,"column":23}},"loc":{"start":{"line":27,"column":30},"end":{"line":33,"column":1}},"line":27}},"branchMap":{"0":{"loc":{"start":{"line":28,"column":37},"end":{"line":28,"column":66}},"type":"default-arg","locations":[{"start":{"line":28,"column":49},"end":{"line":28,"column":66}}],"line":28}},"s":{"0":3,"1":3,"2":3,"3":0,"4":0,"5":0,"6":3},"f":{"0":0,"1":0},"b":{"0":[0]},"_coverageSchema":"1a1c01bbd47fc00a2c39e90264f33305004495a9","hash":"72500d15c69bd9be987c8535c867a2c8f5d48717"}
,"D:\\mcci\\Tp Samfat\\Moustass-video-christina\\auth\\src\\config\\index.js": {"path":"D:\\mcci\\Tp Samfat\\Moustass-video-christina\\auth\\src\\config\\index.js","statementMap":{"0":{"start":{"line":1,"column":0},"end":{"line":20,"column":2}}},"fnMap":{},"branchMap":{"0":{"loc":{"start":{"line":2,"column":13},"end":{"line":2,"column":55}},"type":"binary-expr","locations":[{"start":{"line":2,"column":13},"end":{"line":2,"column":34}},{"start":{"line":2,"column":38},"end":{"line":2,"column":55}}],"line":2},"1":{"loc":{"start":{"line":3,"column":17},"end":{"line":3,"column":66}},"type":"binary-expr","locations":[{"start":{"line":3,"column":17},"end":{"line":3,"column":42}},{"start":{"line":3,"column":46},"end":{"line":3,"column":66}}],"line":3},"2":{"loc":{"start":{"line":4,"column":16},"end":{"line":4,"column":76}},"type":"binary-expr","locations":[{"start":{"line":4,"column":16},"end":{"line":4,"column":40}},{"start":{"line":4,"column":44},"end":{"line":4,"column":76}}],"line":4},"3":{"loc":{"start":{"line":7,"column":19},"end":{"line":7,"column":89}},"type":"binary-expr","locations":[{"start":{"line":7,"column":19},"end":{"line":7,"column":46}},{"start":{"line":7,"column":50},"end":{"line":7,"column":89}}],"line":7},"4":{"loc":{"start":{"line":8,"column":21},"end":{"line":8,"column":122}},"type":"binary-expr","locations":[{"start":{"line":8,"column":21},"end":{"line":8,"column":50}},{"start":{"line":8,"column":54},"end":{"line":8,"column":122}}],"line":8},"5":{"loc":{"start":{"line":9,"column":22},"end":{"line":9,"column":124}},"type":"binary-expr","locations":[{"start":{"line":9,"column":22},"end":{"line":9,"column":52}},{"start":{"line":9,"column":56},"end":{"line":9,"column":124}}],"line":9},"6":{"loc":{"start":{"line":10,"column":25},"end":{"line":10,"column":133}},"type":"binary-expr","locations":[{"start":{"line":10,"column":25},"end":{"line":10,"column":58}},{"start":{"line":10,"column":62},"end":{"line":10,"column":133}}],"line":10},"7":{"loc":{"start":{"line":13,"column":18},"end":{"line":13,"column":77}},"type":"binary-expr","locations":[{"start":{"line":13,"column":18},"end":{"line":13,"column":44}},{"start":{"line":13,"column":48},"end":{"line":13,"column":77}}],"line":13},"8":{"loc":{"start":{"line":16,"column":11},"end":{"line":16,"column":41}},"type":"binary-expr","locations":[{"start":{"line":16,"column":11},"end":{"line":16,"column":30}},{"start":{"line":16,"column":34},"end":{"line":16,"column":41}}],"line":16},"9":{"loc":{"start":{"line":17,"column":11},"end":{"line":17,"column":40}},"type":"binary-expr","locations":[{"start":{"line":17,"column":11},"end":{"line":17,"column":30}},{"start":{"line":17,"column":34},"end":{"line":17,"column":40}}],"line":17},"10":{"loc":{"start":{"line":18,"column":15},"end":{"line":18,"column":48}},"type":"binary-expr","locations":[{"start":{"line":18,"column":15},"end":{"line":18,"column":38}},{"start":{"line":18,"column":42},"end":{"line":18,"column":48}}],"line":18},"11":{"loc":{"start":{"line":19,"column":11},"end":{"line":19,"column":47}},"type":"binary-expr","locations":[{"start":{"line":19,"column":11},"end":{"line":19,"column":30}},{"start":{"line":19,"column":34},"end":{"line":19,"column":47}}],"line":19}},"s":{"0":4},"f":{},"b":{"0":[4,4],"1":[4,4],"2":[4,4],"3":[4,4],"4":[4,4],"5":[4,4],"6":[4,4],"7":[4,4],"8":[4,4],"9":[4,4],"10":[4,0],"11":[4,4]},"_coverageSchema":"1a1c01bbd47fc00a2c39e90264f33305004495a9","hash":"0cf2c6b80568928565cbd913bf20e84b3f8158a7"}
,"D:\\mcci\\Tp Samfat\\Moustass-video-christina\\auth\\src\\config\\passport.js": {"path":"D:\\mcci\\Tp Samfat\\Moustass-video-christina\\auth\\src\\config\\passport.js","statementMap":{"0":{"start":{"line":1,"column":17},"end":{"line":1,"column":36}},"1":{"start":{"line":2,"column":44},"end":{"line":2,"column":77}},"2":{"start":{"line":3,"column":15},"end":{"line":3,"column":33}},"3":{"start":{"line":6,"column":0},"end":{"line":20,"column":2}},"4":{"start":{"line":18,"column":31},"end":{"line":18,"column":50}},"5":{"start":{"line":22,"column":0},"end":{"line":22,"column":57}},"6":{"start":{"line":22,"column":39},"end":{"line":22,"column":55}},"7":{"start":{"line":23,"column":0},"end":{"line":23,"column":59}},"8":{"start":{"line":23,"column":41},"end":{"line":23,"column":57}},"9":{"start":{"line":25,"column":0},"end":{"line":25,"column":26}}},"fnMap":{"0":{"name":"(anonymous_0)","decl":{"start":{"line":18,"column":4},"end":{"line":18,"column":5}},"loc":{"start":{"line":18,"column":31},"end":{"line":18,"column":50}},"line":18},"1":{"name":"(anonymous_1)","decl":{"start":{"line":22,"column":23},"end":{"line":22,"column":24}},"loc":{"start":{"line":22,"column":39},"end":{"line":22,"column":55}},"line":22},"2":{"name":"(anonymous_2)","decl":{"start":{"line":23,"column":25},"end":{"line":23,"column":26}},"loc":{"start":{"line":23,"column":41},"end":{"line":23,"column":57}},"line":23}},"branchMap":{},"s":{"0":1,"1":1,"2":1,"3":1,"4":0,"5":1,"6":0,"7":1,"8":0,"9":1},"f":{"0":0,"1":0,"2":0},"b":{},"_coverageSchema":"1a1c01bbd47fc00a2c39e90264f33305004495a9","hash":"68869936aa4a659b26fc7b4f56c5ba852b5065fd"}
,"D:\\mcci\\Tp Samfat\\Moustass-video-christina\\auth\\src\\config\\security.js": {"path":"D:\\mcci\\Tp Samfat\\Moustass-video-christina\\auth\\src\\config\\security.js","statementMap":{"0":{"start":{"line":1,"column":13},"end":{"line":1,"column":28}},"1":{"start":{"line":2,"column":18},"end":{"line":2,"column":47}},"2":{"start":{"line":5,"column":17},"end":{"line":5,"column":58}},"3":{"start":{"line":6,"column":22},"end":{"line":6,"column":48}},"4":{"start":{"line":9,"column":2},"end":{"line":12,"column":6}},"5":{"start":{"line":15,"column":18},"end":{"line":19,"column":4}},"6":{"start":{"line":21,"column":2},"end":{"line":21,"column":19}},"7":{"start":{"line":24,"column":0},"end":{"line":24,"column":39}}},"fnMap":{"0":{"name":"configureSecurity","decl":{"start":{"line":4,"column":9},"end":{"line":4,"column":26}},"loc":{"start":{"line":4,"column":46},"end":{"line":22,"column":1}},"line":4}},"branchMap":{"0":{"loc":{"start":{"line":4,"column":32},"end":{"line":4,"column":44}},"type":"default-arg","locations":[{"start":{"line":4,"column":42},"end":{"line":4,"column":44}}],"line":4},"1":{"loc":{"start":{"line":5,"column":17},"end":{"line":5,"column":58}},"type":"binary-expr","locations":[{"start":{"line":5,"column":17},"end":{"line":5,"column":31}},{"start":{"line":5,"column":35},"end":{"line":5,"column":58}}],"line":5},"2":{"loc":{"start":{"line":6,"column":22},"end":{"line":6,"column":48}},"type":"binary-expr","locations":[{"start":{"line":6,"column":22},"end":{"line":6,"column":41}},{"start":{"line":6,"column":45},"end":{"line":6,"column":48}}],"line":6}},"s":{"0":1,"1":1,"2":2,"3":2,"4":2,"5":2,"6":2,"7":1},"f":{"0":2},"b":{"0":[1],"1":[2,1],"2":[2,1]},"_coverageSchema":"1a1c01bbd47fc00a2c39e90264f33305004495a9","hash":"a896989adc8d754774d26e862c95adb84d51d97c"}
,"D:\\mcci\\Tp Samfat\\Moustass-video-christina\\auth\\src\\middleware\\auth-middleware.js": {"path":"D:\\mcci\\Tp Samfat\\Moustass-video-christina\\auth\\src\\middleware\\auth-middleware.js","statementMap":{"0":{"start":{"line":1,"column":20},"end":{"line":1,"column":54}},"1":{"start":{"line":4,"column":2},"end":{"line":6,"column":3}},"2":{"start":{"line":5,"column":4},"end":{"line":5,"column":62}},"3":{"start":{"line":7,"column":2},"end":{"line":7,"column":9}},"4":{"start":{"line":10,"column":0},"end":{"line":10,"column":33}}},"fnMap":{"0":{"name":"requireAuth","decl":{"start":{"line":3,"column":9},"end":{"line":3,"column":20}},"loc":{"start":{"line":3,"column":77},"end":{"line":8,"column":1}},"line":3}},"branchMap":{"0":{"loc":{"start":{"line":3,"column":37},"end":{"line":3,"column":75}},"type":"default-arg","locations":[{"start":{"line":3,"column":48},"end":{"line":3,"column":75}}],"line":3},"1":{"loc":{"start":{"line":4,"column":2},"end":{"line":6,"column":3}},"type":"if","locations":[{"start":{"line":4,"column":2},"end":{"line":6,"column":3}},{"start":{},"end":{}}],"line":4}},"s":{"0":1,"1":2,"2":1,"3":1,"4":1},"f":{"0":2},"b":{"0":[0],"1":[1,1]},"_coverageSchema":"1a1c01bbd47fc00a2c39e90264f33305004495a9","hash":"7857b4e84ae2157b0fdc873f6c0c3278e1da00bc"}
,"D:\\mcci\\Tp Samfat\\Moustass-video-christina\\auth\\src\\route\\auth-route.js": {"path":"D:\\mcci\\Tp Samfat\\Moustass-video-christina\\auth\\src\\route\\auth-route.js","statementMap":{"0":{"start":{"line":1,"column":16},"end":{"line":1,"column":34}},"1":{"start":{"line":2,"column":17},"end":{"line":2,"column":46}},"2":{"start":{"line":3,"column":15},"end":{"line":3,"column":31}},"3":{"start":{"line":4,"column":20},"end":{"line":4,"column":54}},"4":{"start":{"line":5,"column":24},"end":{"line":5,"column":64}},"5":{"start":{"line":8,"column":2},"end":{"line":8,"column":68}},"6":{"start":{"line":10,"column":2},"end":{"line":10,"column":72}},"7":{"start":{"line":12,"column":0},"end":{"line":15,"column":2}},"8":{"start":{"line":17,"column":0},"end":{"line":41,"column":2}},"9":{"start":{"line":21,"column":4},"end":{"line":39,"column":5}},"10":{"start":{"line":22,"column":19},"end":{"line":22,"column":61}},"11":{"start":{"line":24,"column":6},"end":{"line":32,"column":9}},"12":{"start":{"line":34,"column":6},"end":{"line":34,"column":57}},"13":{"start":{"line":35,"column":6},"end":{"line":35,"column":34}},"14":{"start":{"line":37,"column":6},"end":{"line":37,"column":61}},"15":{"start":{"line":38,"column":6},"end":{"line":38,"column":29}},"16":{"start":{"line":43,"column":0},"end":{"line":46,"column":3}},"17":{"start":{"line":44,"column":15},"end":{"line":44,"column":57}},"18":{"start":{"line":45,"column":2},"end":{"line":45,"column":54}},"19":{"start":{"line":48,"column":0},"end":{"line":57,"column":3}},"20":{"start":{"line":49,"column":2},"end":{"line":56,"column":5}},"21":{"start":{"line":50,"column":4},"end":{"line":50,"column":30}},"22":{"start":{"line":50,"column":13},"end":{"line":50,"column":30}},"23":{"start":{"line":51,"column":4},"end":{"line":55,"column":7}},"24":{"start":{"line":52,"column":6},"end":{"line":52,"column":32}},"25":{"start":{"line":52,"column":15},"end":{"line":52,"column":32}},"26":{"start":{"line":53,"column":6},"end":{"line":53,"column":52}},"27":{"start":{"line":54,"column":6},"end":{"line":54,"column":72}},"28":{"start":{"line":59,"column":0},"end":{"line":59,"column":24}}},"fnMap":{"0":{"name":"(anonymous_0)","decl":{"start":{"line":20,"column":2},"end":{"line":20,"column":3}},"loc":{"start":{"line":20,"column":22},"end":{"line":40,"column":3}},"line":20},"1":{"name":"(anonymous_1)","decl":{"start":{"line":43,"column":36},"end":{"line":43,"column":37}},"loc":{"start":{"line":43,"column":50},"end":{"line":46,"column":1}},"line":43},"2":{"name":"(anonymous_2)","decl":{"start":{"line":48,"column":22},"end":{"line":48,"column":23}},"loc":{"start":{"line":48,"column":42},"end":{"line":57,"column":1}},"line":48},"3":{"name":"(anonymous_3)","decl":{"start":{"line":49,"column":13},"end":{"line":49,"column":14}},"loc":{"start":{"line":49,"column":22},"end":{"line":56,"column":3}},"line":49},"4":{"name":"(anonymous_4)","decl":{"start":{"line":51,"column":24},"end":{"line":51,"column":25}},"loc":{"start":{"line":51,"column":33},"end":{"line":55,"column":5}},"line":51}},"branchMap":{"0":{"loc":{"start":{"line":8,"column":2},"end":{"line":8,"column":68}},"type":"binary-expr","locations":[{"start":{"line":8,"column":2},"end":{"line":8,"column":26}},{"start":{"line":8,"column":30},"end":{"line":8,"column":68}}],"line":8},"1":{"loc":{"start":{"line":10,"column":2},"end":{"line":10,"column":72}},"type":"binary-expr","locations":[{"start":{"line":10,"column":2},"end":{"line":10,"column":26}},{"start":{"line":10,"column":30},"end":{"line":10,"column":72}}],"line":10},"2":{"loc":{"start":{"line":50,"column":4},"end":{"line":50,"column":30}},"type":"if","locations":[{"start":{"line":50,"column":4},"end":{"line":50,"column":30}},{"start":{},"end":{}}],"line":50},"3":{"loc":{"start":{"line":52,"column":6},"end":{"line":52,"column":32}},"type":"if","locations":[{"start":{"line":52,"column":6},"end":{"line":52,"column":32}},{"start":{},"end":{}}],"line":52},"4":{"loc":{"start":{"line":54,"column":19},"end":{"line":54,"column":70}},"type":"binary-expr","locations":[{"start":{"line":54,"column":19},"end":{"line":54,"column":43}},{"start":{"line":54,"column":47},"end":{"line":54,"column":70}}],"line":54}},"s":{"0":1,"1":1,"2":1,"3":1,"4":1,"5":1,"6":1,"7":1,"8":1,"9":0,"10":0,"11":0,"12":0,"13":0,"14":0,"15":0,"16":1,"17":1,"18":1,"19":1,"20":1,"21":1,"22":0,"23":1,"24":1,"25":0,"26":1,"27":1,"28":1},"f":{"0":0,"1":1,"2":1,"3":1,"4":1},"b":{"0":[1,1],"1":[1,1],"2":[0,1],"3":[0,1],"4":[1,1]},"_coverageSchema":"1a1c01bbd47fc00a2c39e90264f33305004495a9","hash":"676c1a6a0b1d14ee8f51cbaddc2ca122cc7ee240"}
,"D:\\mcci\\Tp Samfat\\Moustass-video-christina\\auth\\src\\service\\auth-service.js": {"path":"D:\\mcci\\Tp Samfat\\Moustass-video-christina\\auth\\src\\service\\auth-service.js","statementMap":{"0":{"start":{"line":1,"column":21},"end":{"line":1,"column":42}},"1":{"start":{"line":4,"column":2},"end":{"line":9,"column":4}},"2":{"start":{"line":13,"column":2},"end":{"line":18,"column":3}},"3":{"start":{"line":14,"column":18},"end":{"line":14,"column":39}},"4":{"start":{"line":15,"column":4},"end":{"line":15,"column":86}},"5":{"start":{"line":17,"column":4},"end":{"line":17,"column":70}},"6":{"start":{"line":22,"column":2},"end":{"line":22,"column":42}},"7":{"start":{"line":25,"column":0},"end":{"line":25,"column":79}}},"fnMap":{"0":{"name":"normalizeUserProfile","decl":{"start":{"line":3,"column":9},"end":{"line":3,"column":29}},"loc":{"start":{"line":3,"column":36},"end":{"line":10,"column":1}},"line":3},"1":{"name":"logSuccessfulLogin","decl":{"start":{"line":12,"column":15},"end":{"line":12,"column":33}},"loc":{"start":{"line":12,"column":68},"end":{"line":19,"column":1}},"line":12},"2":{"name":"isAuthenticated","decl":{"start":{"line":21,"column":9},"end":{"line":21,"column":24}},"loc":{"start":{"line":21,"column":30},"end":{"line":23,"column":1}},"line":21}},"branchMap":{"0":{"loc":{"start":{"line":7,"column":11},"end":{"line":7,"column":48}},"type":"binary-expr","locations":[{"start":{"line":7,"column":11},"end":{"line":7,"column":21}},{"start":{"line":7,"column":25},"end":{"line":7,"column":48}}],"line":7},"1":{"loc":{"start":{"line":12,"column":44},"end":{"line":12,"column":66}},"type":"default-arg","locations":[{"start":{"line":12,"column":58},"end":{"line":12,"column":66}}],"line":12},"2":{"loc":{"start":{"line":14,"column":18},"end":{"line":14,"column":39}},"type":"binary-expr","locations":[{"start":{"line":14,"column":18},"end":{"line":14,"column":26}},{"start":{"line":14,"column":30},"end":{"line":14,"column":39}}],"line":14},"3":{"loc":{"start":{"line":22,"column":9},"end":{"line":22,"column":41}},"type":"binary-expr","locations":[{"start":{"line":22,"column":9},"end":{"line":22,"column":32}},{"start":{"line":22,"column":36},"end":{"line":22,"column":41}}],"line":22}},"s":{"0":3,"1":2,"2":3,"3":3,"4":3,"5":1,"6":3,"7":3},"f":{"0":2,"1":3,"2":3},"b":{"0":[2,1],"1":[0],"2":[3,1],"3":[3,2]},"_coverageSchema":"1a1c01bbd47fc00a2c39e90264f33305004495a9","hash":"65924fe6cd6bcfe1cbd9dac9177908cb0948da3d"}
}
