TN:
SF:src\app.js
FNF:0
FNH:0
DA:1,1
DA:2,1
DA:3,1
DA:4,1
DA:6,1
DA:7,1
DA:10,1
DA:13,1
DA:14,1
DA:17,1
DA:19,1
LF:11
LH:11
BRF:0
BRH:0
end_of_record
TN:
SF:src\auth-db.js
FN:13,initDb
FN:27,logAudit
FNF:2
FNH:0
FNDA:0,initDb
FNDA:0,logAudit
DA:1,3
DA:2,3
DA:4,3
DA:14,0
DA:28,0
DA:29,0
DA:36,3
LF:7
LH:4
BRDA:28,0,0,0
BRF:1
BRH:0
end_of_record
TN:
SF:src\config\index.js
FNF:0
FNH:0
DA:1,4
LF:1
LH:1
BRDA:2,0,0,4
BRDA:2,0,1,4
BRDA:3,1,0,4
BRDA:3,1,1,4
BRDA:4,2,0,4
BRDA:4,2,1,4
BRDA:7,3,0,4
BRDA:7,3,1,4
BRDA:8,4,0,4
BRDA:8,4,1,4
BRDA:9,5,0,4
BRDA:9,5,1,4
BRDA:10,6,0,4
BRDA:10,6,1,4
BRDA:13,7,0,4
BRDA:13,7,1,4
BRDA:16,8,0,4
BRDA:16,8,1,4
BRDA:17,9,0,4
BRDA:17,9,1,4
BRDA:18,10,0,4
BRDA:18,10,1,0
BRDA:19,11,0,4
BRDA:19,11,1,4
BRF:24
BRH:23
end_of_record
TN:
SF:src\config\passport.js
FN:18,(anonymous_0)
FN:22,(anonymous_1)
FN:23,(anonymous_2)
FNF:3
FNH:0
FNDA:0,(anonymous_0)
FNDA:0,(anonymous_1)
FNDA:0,(anonymous_2)
DA:1,1
DA:2,1
DA:3,1
DA:6,1
DA:18,0
DA:22,1
DA:23,1
DA:25,1
LF:8
LH:7
BRF:0
BRH:0
end_of_record
TN:
SF:src\config\security.js
FN:4,configureSecurity
FNF:1
FNH:1
FNDA:2,configureSecurity
DA:1,1
DA:2,1
DA:5,2
DA:6,2
DA:9,2
DA:15,2
DA:21,2
DA:24,1
LF:8
LH:8
BRDA:4,0,0,1
BRDA:5,1,0,2
BRDA:5,1,1,1
BRDA:6,2,0,2
BRDA:6,2,1,1
BRF:5
BRH:5
end_of_record
TN:
SF:src\middleware\auth-middleware.js
FN:3,requireAuth
FNF:1
FNH:1
FNDA:2,requireAuth
DA:1,1
DA:4,2
DA:5,1
DA:7,1
DA:10,1
LF:5
LH:5
BRDA:3,0,0,0
BRDA:4,1,0,1
BRDA:4,1,1,1
BRF:3
BRH:2
end_of_record
TN:
SF:src\route\auth-route.js
FN:20,(anonymous_0)
FN:43,(anonymous_1)
FN:48,(anonymous_2)
FN:49,(anonymous_3)
FN:51,(anonymous_4)
FNF:5
FNH:4
FNDA:0,(anonymous_0)
FNDA:1,(anonymous_1)
FNDA:1,(anonymous_2)
FNDA:1,(anonymous_3)
FNDA:1,(anonymous_4)
DA:1,1
DA:2,1
DA:3,1
DA:4,1
DA:5,1
DA:8,1
DA:10,1
DA:12,1
DA:17,1
DA:21,0
DA:22,0
DA:24,0
DA:34,0
DA:35,0
DA:37,0
DA:38,0
DA:43,1
DA:44,1
DA:45,1
DA:48,1
DA:49,1
DA:50,1
DA:51,1
DA:52,1
DA:53,1
DA:54,1
DA:59,1
LF:27
LH:20
BRDA:8,0,0,1
BRDA:8,0,1,1
BRDA:50,1,0,0
BRDA:50,1,1,1
BRDA:52,2,0,0
BRDA:52,2,1,1
BRDA:54,3,0,1
BRDA:54,3,1,1
BRF:8
BRH:6
end_of_record
TN:
SF:src\service\auth-service.js
FN:3,normalizeUserProfile
FN:12,logSuccessfulLogin
FN:21,isAuthenticated
FNF:3
FNH:3
FNDA:2,normalizeUserProfile
FNDA:3,logSuccessfulLogin
FNDA:3,isAuthenticated
DA:1,3
DA:4,2
DA:13,3
DA:14,3
DA:15,3
DA:17,1
DA:22,3
DA:25,3
LF:8
LH:8
BRDA:7,0,0,2
BRDA:7,0,1,1
BRDA:12,1,0,0
BRDA:14,2,0,3
BRDA:14,2,1,1
BRDA:22,3,0,3
BRDA:22,3,1,2
BRF:7
BRH:6
end_of_record
