TN:
SF:src\app.js
FNF:0
FNH:0
DA:1,1
DA:2,1
DA:3,1
DA:4,1
DA:5,1
DA:7,1
DA:10,1
DA:11,1
DA:12,1
DA:15,1
DA:17,1
LF:11
LH:11
BRF:0
BRH:0
end_of_record
TN:
SF:src\auth-db.js
FN:13,initDb
FN:27,logAudit
FNF:2
FNH:0
FNDA:0,initDb
FNDA:0,logAudit
DA:1,3
DA:2,3
DA:4,3
DA:14,0
DA:28,0
DA:29,0
DA:36,3
LF:7
LH:4
BRDA:28,0,0,0
BRF:1
BRH:0
end_of_record
TN:
SF:src\config\index.js
FNF:0
FNH:0
DA:1,4
LF:1
LH:1
BRDA:2,0,0,4
BRDA:2,0,1,4
BRDA:3,1,0,4
BRDA:3,1,1,4
BRDA:4,2,0,4
BRDA:4,2,1,4
BRDA:7,3,0,4
BRDA:7,3,1,4
BRDA:8,4,0,4
BRDA:8,4,1,4
BRDA:9,5,0,4
BRDA:9,5,1,4
BRDA:10,6,0,4
BRDA:10,6,1,4
BRDA:13,7,0,4
BRDA:13,7,1,4
BRDA:16,8,0,4
BRDA:16,8,1,4
BRDA:17,9,0,4
BRDA:17,9,1,4
BRDA:18,10,0,4
BRDA:18,10,1,0
BRDA:19,11,0,4
BRDA:19,11,1,4
BRF:24
BRH:23
end_of_record
TN:
SF:src\config\passport.js
FN:8,configurePassport
FN:21,(anonymous_1)
FN:25,(anonymous_2)
FN:26,(anonymous_3)
FNF:4
FNH:1
FNDA:1,configurePassport
FNDA:0,(anonymous_1)
FNDA:0,(anonymous_2)
FNDA:0,(anonymous_3)
DA:1,1
DA:2,1
DA:3,1
DA:9,1
DA:21,0
DA:25,1
DA:26,1
DA:28,1
DA:29,1
DA:32,1
LF:10
LH:9
BRF:0
BRH:0
end_of_record
TN:
SF:src\config\security.js
FN:4,configureSecurity
FNF:1
FNH:1
FNDA:1,configureSecurity
DA:1,1
DA:2,1
DA:5,1
DA:6,1
DA:9,1
DA:15,1
DA:21,1
DA:24,1
LF:8
LH:8
BRDA:4,0,0,1
BRDA:5,1,0,1
BRDA:5,1,1,1
BRDA:6,2,0,1
BRDA:6,2,1,1
BRF:5
BRH:5
end_of_record
TN:
SF:src\config\session.js
FN:3,configureSession
FNF:1
FNH:1
FNDA:1,configureSession
DA:1,1
DA:4,1
DA:5,1
DA:7,1
DA:20,1
LF:5
LH:5
BRDA:3,0,0,1
BRDA:4,1,0,1
BRDA:4,1,1,1
BRDA:4,1,2,1
BRDA:5,2,0,1
BRDA:5,2,1,1
BRF:6
BRH:6
end_of_record
TN:
SF:src\middleware\auth-middleware.js
FN:3,requireAuth
FNF:1
FNH:1
FNDA:2,requireAuth
DA:1,1
DA:4,2
DA:5,1
DA:7,1
DA:10,1
LF:5
LH:5
BRDA:3,0,0,0
BRDA:4,1,0,1
BRDA:4,1,1,1
BRF:3
BRH:2
end_of_record
TN:
SF:src\route\auth-route.js
FN:20,(anonymous_0)
FN:43,(anonymous_1)
FN:48,(anonymous_2)
FN:49,(anonymous_3)
FN:51,(anonymous_4)
FNF:5
FNH:1
FNDA:0,(anonymous_0)
FNDA:1,(anonymous_1)
FNDA:0,(anonymous_2)
FNDA:0,(anonymous_3)
FNDA:0,(anonymous_4)
DA:1,1
DA:2,1
DA:3,1
DA:4,1
DA:5,1
DA:8,1
DA:10,1
DA:12,1
DA:17,1
DA:21,0
DA:22,0
DA:24,0
DA:34,0
DA:35,0
DA:37,0
DA:38,0
DA:43,1
DA:44,1
DA:45,1
DA:48,1
DA:49,0
DA:50,0
DA:51,0
DA:52,0
DA:53,0
DA:54,0
DA:59,1
LF:27
LH:14
BRDA:8,0,0,1
BRDA:8,0,1,1
BRDA:10,1,0,1
BRDA:10,1,1,1
BRDA:50,2,0,0
BRDA:50,2,1,0
BRDA:52,3,0,0
BRDA:52,3,1,0
BRDA:54,4,0,0
BRDA:54,4,1,0
BRF:10
BRH:4
end_of_record
TN:
SF:src\service\auth-service.js
FN:3,normalizeUserProfile
FN:12,logSuccessfulLogin
FN:21,isAuthenticated
FNF:3
FNH:3
FNDA:2,normalizeUserProfile
FNDA:3,logSuccessfulLogin
FNDA:3,isAuthenticated
DA:1,3
DA:4,2
DA:13,3
DA:14,3
DA:15,3
DA:17,1
DA:22,3
DA:25,3
LF:8
LH:8
BRDA:7,0,0,2
BRDA:7,0,1,1
BRDA:12,1,0,0
BRDA:14,2,0,3
BRDA:14,2,1,1
BRDA:22,3,0,3
BRDA:22,3,1,2
BRF:7
BRH:6
end_of_record
