<?xml version="1.0" encoding="UTF-8"?>
<coverage generated="1769106638692" clover="3.2.0">
  <project timestamp="1769106638692" name="All files">
    <metrics statements="16" coveredstatements="15" conditionals="6" coveredconditionals="3" methods="4" coveredmethods="3" elements="26" coveredelements="21" complexity="0" loc="16" ncloc="16" packages="1" files="1" classes="1"/>
    <file name="user-service.js" path="D:\mcci\Tp Samfat\Moustass-video-christina\user\src\service\user-service.js">
      <metrics statements="16" coveredstatements="15" conditionals="6" coveredconditionals="3" methods="4" coveredmethods="3"/>
      <line num="1" count="1" type="stmt"/>
      <line num="2" count="1" type="stmt"/>
      <line num="3" count="1" type="stmt"/>
      <line num="10" count="1" type="stmt"/>
      <line num="18" count="0" type="stmt"/>
      <line num="26" count="1" type="stmt"/>
      <line num="31" count="1" type="cond" truecount="1" falsecount="1"/>
      <line num="33" count="1" type="stmt"/>
      <line num="34" count="1" type="stmt"/>
      <line num="36" count="1" type="stmt"/>
      <line num="40" count="1" type="stmt"/>
      <line num="46" count="1" type="stmt"/>
      <line num="50" count="2" type="stmt"/>
      <line num="54" count="2" type="cond" truecount="2" falsecount="0"/>
      <line num="55" count="1" type="stmt"/>
      <line num="58" count="1" type="stmt"/>
    </file>
  </project>
</coverage>
