{"D:\\mcci\\Tp Samfat\\Moustass-video-christina\\user\\src\\service\\user-service.js": {"path":"D:\\mcci\\Tp Samfat\\Moustass-video-christina\\user\\src\\service\\user-service.js","statementMap":{"0":{"start":{"line":1,"column":15},"end":{"line":1,"column":32}},"1":{"start":{"line":2,"column":17},"end":{"line":2,"column":38}},"2":{"start":{"line":3,"column":14},"end":{"line":7,"column":2}},"3":{"start":{"line":10,"column":2},"end":{"line":14,"column":5}},"4":{"start":{"line":18,"column":2},"end":{"line":22,"column":4}},"5":{"start":{"line":26,"column":17},"end":{"line":29,"column":3}},"6":{"start":{"line":31,"column":2},"end":{"line":31,"column":26}},"7":{"start":{"line":31,"column":19},"end":{"line":31,"column":26}},"8":{"start":{"line":33,"column":36},"end":{"line":33,"column":56}},"9":{"start":{"line":34,"column":16},"end":{"line":34,"column":35}},"10":{"start":{"line":36,"column":2},"end":{"line":38,"column":5}},"11":{"start":{"line":40,"column":2},"end":{"line":44,"column":4}},"12":{"start":{"line":46,"column":2},"end":{"line":46,"column":56}},"13":{"start":{"line":50,"column":17},"end":{"line":53,"column":3}},"14":{"start":{"line":54,"column":2},"end":{"line":54,"column":55}},"15":{"start":{"line":54,"column":20},"end":{"line":54,"column":55}},"16":{"start":{"line":55,"column":2},"end":{"line":55,"column":28}},"17":{"start":{"line":58,"column":0},"end":{"line":62,"column":2}}},"fnMap":{"0":{"name":"generateRSAKeyPair","decl":{"start":{"line":9,"column":9},"end":{"line":9,"column":27}},"loc":{"start":{"line":9,"column":30},"end":{"line":15,"column":1}},"line":9},"1":{"name":"createUserIfNotExists","decl":{"start":{"line":17,"column":15},"end":{"line":17,"column":36}},"loc":{"start":{"line":17,"column":66},"end":{"line":23,"column":1}},"line":17},"2":{"name":"createUserKeyIfNotExists","decl":{"start":{"line":25,"column":15},"end":{"line":25,"column":39}},"loc":{"start":{"line":25,"column":49},"end":{"line":47,"column":1}},"line":25},"3":{"name":"getPublicKey","decl":{"start":{"line":49,"column":15},"end":{"line":49,"column":27}},"loc":{"start":{"line":49,"column":36},"end":{"line":56,"column":1}},"line":49}},"branchMap":{"0":{"loc":{"start":{"line":21,"column":24},"end":{"line":21,"column":37}},"type":"binary-expr","locations":[{"start":{"line":21,"column":24},"end":{"line":21,"column":29}},{"start":{"line":21,"column":33},"end":{"line":21,"column":37}}],"line":21},"1":{"loc":{"start":{"line":31,"column":2},"end":{"line":31,"column":26}},"type":"if","locations":[{"start":{"line":31,"column":2},"end":{"line":31,"column":26}},{"start":{},"end":{}}],"line":31},"2":{"loc":{"start":{"line":54,"column":2},"end":{"line":54,"column":55}},"type":"if","locations":[{"start":{"line":54,"column":2},"end":{"line":54,"column":55}},{"start":{},"end":{}}],"line":54}},"s":{"0":1,"1":1,"2":1,"3":1,"4":0,"5":1,"6":1,"7":0,"8":1,"9":1,"10":1,"11":1,"12":1,"13":2,"14":2,"15":1,"16":1,"17":1},"f":{"0":1,"1":0,"2":1,"3":2},"b":{"0":[0,0],"1":[0,1],"2":[1,1]},"_coverageSchema":"1a1c01bbd47fc00a2c39e90264f33305004495a9","hash":"07c6f32d53139ff37e6b354b2b3cac2b8e3ad6a1"}
}
