TN:
SF:src\service\user-service.js
FN:9,generateRSAKeyPair
FN:17,createUserIfNotExists
FN:25,createUserKeyIfNotExists
FN:49,getPublicKey
FNF:4
FNH:3
FNDA:1,generateRSAKeyPair
FNDA:0,createUserIfNotExists
FNDA:1,createUserKeyIfNotExists
FNDA:2,getPublicKey
DA:1,1
DA:2,1
DA:3,1
DA:10,1
DA:18,0
DA:26,1
DA:31,1
DA:33,1
DA:34,1
DA:36,1
DA:40,1
DA:46,1
DA:50,2
DA:54,2
DA:55,1
DA:58,1
LF:16
LH:15
BRDA:21,0,0,0
BRDA:21,0,1,0
BRDA:31,1,0,0
BRDA:31,1,1,1
BRDA:54,2,0,1
BRDA:54,2,1,1
BRF:6
BRH:3
end_of_record
